<?xml version="1.0" encoding="UTF-8"?>
<testng-results skipped="0" failed="0" ignored="0" total="1" passed="1">
  <reporter-output>
  </reporter-output>
  <suite name="Default suite" duration-ms="120" started-at="2022-04-06T14:25:01 IST" finished-at="2022-04-06T14:25:01 IST">
    <groups>
    </groups>
    <test name="Default test" duration-ms="120" started-at="2022-04-06T14:25:01 IST" finished-at="2022-04-06T14:25:01 IST">
      <class name="com.crm.PracticeScripts.Sample1Test">
        <test-method status="PASS" signature="sample1Test()[pri:0, instance:com.crm.PracticeScripts.Sample1Test@6f195bc3]" name="sample1Test" duration-ms="13" started-at="2022-04-06T14:25:01 IST" finished-at="2022-04-06T14:25:01 IST">
          <reporter-output>
          </reporter-output>
        </test-method> <!-- sample1Test -->
      </class> <!-- com.crm.PracticeScripts.Sample1Test -->
    </test> <!-- Default test -->
  </suite> <!-- Default suite -->
</testng-results>
